<?xml version="1.0" encoding="UTF-8"?>
<testsuite name="edu.bu.metcs673_notification_service.NotificationServiceApplicationTests" tests="1" skipped="0" failures="0" errors="0" timestamp="2024-05-28T01:51:45" hostname="Shenxiaos-MacBook-Pro.local" time="0.511">
  <properties/>
  <testcase name="contextLoads()" classname="edu.bu.metcs673_notification_service.NotificationServiceApplicationTests" time="0.511"/>
  <system-out><![CDATA[21:51:44.582 [Test worker] INFO org.springframework.test.context.support.AnnotationConfigContextLoaderUtils -- Could not detect default configuration classes for test class [edu.bu.metcs673_notification_service.NotificationServiceApplicationTests]: NotificationServiceApplicationTests does not declare any static, non-private, non-final, nested classes annotated with @Configuration.
21:51:44.630 [Test worker] INFO org.springframework.boot.test.context.SpringBootTestContextBootstrapper -- Found @SpringBootConfiguration edu.bu.metcs673_notification_service.NotificationServiceApplication for test class edu.bu.metcs673_notification_service.NotificationServiceApplicationTests

  .   ____          _            __ _ _
 /\\ / ___'_ __ _ _(_)_ __  __ _ \ \ \ \
( ( )\___ | '_ | '_| | '_ \/ _` | \ \ \ \
 \\/  ___)| |_)| | | | | || (_| |  ) ) ) )
  '  |____| .__|_| |_|_| |_\__, | / / / /
 =========|_|==============|___/=/_/_/_/
 :: Spring Boot ::                (v3.2.6)

2024-05-27T21:51:44.794-04:00  INFO 66733 --- [metcs673-notification-service] [    Test worker] .b.m.NotificationServiceApplicationTests : Starting NotificationServiceApplicationTests using Java 17.0.11 with PID 66733 (started by lishenxiao in /Users/lishenxiao/Dropbox/My Mac (Shenxiao’s MacBook Pro)/Desktop/BU Courses/CS 673 Software Engineering/project/metcs673-notification-service)
2024-05-27T21:51:44.795-04:00  INFO 66733 --- [metcs673-notification-service] [    Test worker] .b.m.NotificationServiceApplicationTests : No active profile set, falling back to 1 default profile: "default"
2024-05-27T21:51:45.444-04:00  INFO 66733 --- [metcs673-notification-service] [    Test worker] o.s.a.r.c.CachingConnectionFactory       : Attempting to connect to: [localhost:5672]
2024-05-27T21:51:45.474-04:00  INFO 66733 --- [metcs673-notification-service] [    Test worker] o.s.a.r.c.CachingConnectionFactory       : Created new connection: rabbitConnectionFactory#14924f41:0/SimpleConnection@5a05dd30 [delegate=amqp://guest@127.0.0.1:5672/, localPort=56251]
2024-05-27T21:51:45.502-04:00  INFO 66733 --- [metcs673-notification-service] [    Test worker] .b.m.NotificationServiceApplicationTests : Started NotificationServiceApplicationTests in 0.802 seconds (process running for 1.392)
]]></system-out>
  <system-err><![CDATA[]]></system-err>
</testsuite>
